TN:
SF:Controller\registerController.js
FN:11,(anonymous_0)
FNF:1
FNH:1
FNDA:2,(anonymous_0)
DA:2,1
DA:3,1
DA:4,1
DA:5,1
DA:7,1
DA:11,1
DA:12,2
DA:14,2
DA:16,2
DA:17,2
DA:18,1
DA:22,1
DA:23,1
DA:27,0
DA:29,0
DA:36,0
DA:37,0
DA:39,0
DA:41,0
DA:43,0
DA:51,1
LF:21
LH:14
BRDA:17,0,0,1
BRDA:17,0,1,1
BRDA:22,1,0,1
BRDA:22,1,1,0
BRDA:22,2,0,1
BRDA:22,2,1,1
BRDA:22,2,2,1
BRF:7
BRH:6
end_of_record
TN:
SF:Model\UserModel.js
FNF:0
FNH:0
DA:1,1
DA:3,1
DA:26,1
DA:28,1
LF:4
LH:4
BRF:0
BRH:0
end_of_record
TN:
SF:config\tokengenerator.js
FN:5,(anonymous_0)
FNF:1
FNH:0
FNDA:0,(anonymous_0)
DA:1,2
DA:2,2
DA:5,2
DA:6,0
DA:8,0
DA:15,0
DA:22,0
DA:23,0
DA:24,0
DA:27,0
DA:34,0
DA:36,0
DA:41,2
LF:13
LH:4
BRF:0
BRH:0
end_of_record
